Removed Pin From Net: NetName=5VDC Pin=BUZ1-2
Removed Pin From Net: NetName=GND Pin=U6-1
Change component parameters: Designator = "C4" ("C4"); Footprint = "CAP_0805"; UniqueID = "\PHKMKFDD" ("\PHKMKFDD")
Change component parameters (AddParameter): Name = "Case Package"; Value = "0805"; VariantName = "[No Variations]"
Change component parameters (AddParameter): Name = "Designed By"; Value = "Emirhan Bozkurt"; VariantName = "[No Variations]"
Change component parameters (AddParameter): Name = "Manufacturer"; Value = ""; VariantName = "[No Variations]"
Change component parameters (AddParameter): Name = "Manufacturer Product Number"; Value = "1276-1003-2-ND"; VariantName = "[No Variations]"
Change component parameters (AddParameter): Name = "Mounting Type"; Value = "Surface Mount"; VariantName = "[No Variations]"
Change component parameters (AddParameter): Name = "Supplier 1"; Value = "DigiKey"; VariantName = "[No Variations]"
Change component parameters (AddParameter): Name = "Supplier Part Number"; Value = "1276-1003-2-ND"; VariantName = "[No Variations]"
Change component parameters (AddParameter): Name = "Value"; Value = "100nF"; VariantName = "[No Variations]"
Change component parameters: Designator = "C6" ("C6"); Footprint = "CAP_0805"; UniqueID = "\NHFBNCCT" ("\NHFBNCCT")
Change component parameters (AddParameter): Name = "Case Package"; Value = "0805"; VariantName = "[No Variations]"
Change component parameters (AddParameter): Name = "Designed By"; Value = "Emirhan Bozkurt"; VariantName = "[No Variations]"
Change component parameters (AddParameter): Name = "Manufacturer"; Value = "Samsung Electro-Mechanics"; VariantName = "[No Variations]"
Change component parameters (AddParameter): Name = "Manufacturer Product Number"; Value = "CL21A475KAQNNNE"; VariantName = "[No Variations]"
Change component parameters (AddParameter): Name = "Mounting Type"; Value = "Surface Mount"; VariantName = "[No Variations]"
Change component parameters (AddParameter): Name = "Supplier 1"; Value = "DigiKey"; VariantName = "[No Variations]"
Change component parameters (AddParameter): Name = "Supplier Part Number"; Value = "CL21A475KAQNNNE"; VariantName = "[No Variations]"
Change component parameters (AddParameter): Name = "Value"; Value = "4.7uF"; VariantName = "[No Variations]"
Change component parameters: Designator = "C9" ("C9"); Footprint = "CAP_0805"; UniqueID = "\IUNHXYQF" ("\IUNHXYQF")
Change component parameters (AddParameter): Name = "Case Package"; Value = "0805"; VariantName = "[No Variations]"
Change component parameters (AddParameter): Name = "Designed By"; Value = "Emirhan Bozkurt"; VariantName = "[No Variations]"
Change component parameters (AddParameter): Name = "Manufacturer"; Value = ""; VariantName = "[No Variations]"
Change component parameters (AddParameter): Name = "Manufacturer Product Number"; Value = "1276-1003-2-ND"; VariantName = "[No Variations]"
Change component parameters (AddParameter): Name = "Mounting Type"; Value = "Surface Mount"; VariantName = "[No Variations]"
Change component parameters (AddParameter): Name = "Supplier 1"; Value = "DigiKey"; VariantName = "[No Variations]"
Change component parameters (AddParameter): Name = "Supplier Part Number"; Value = "1276-1003-2-ND"; VariantName = "[No Variations]"
Change component parameters (AddParameter): Name = "Value"; Value = "100nF"; VariantName = "[No Variations]"
Added Pin To Net: NetName=5VDC Pin=BUZ1-1
Added Pin To Net: NetName=GND Pin=U6-39
Added Pin To Net: NetName=GND Pin=U6-39
Added Pin To Net: NetName=GND Pin=U6-39
Added Pin To Net: NetName=GND Pin=U6-39
Added Pin To Net: NetName=GND Pin=U6-39
Added Pin To Net: NetName=GND Pin=U6-39
Added Pin To Net: NetName=GND Pin=U6-39
Added Pin To Net: NetName=GND Pin=U6-39
Added Pin To Net: NetName=GND Pin=U6-39
Added Pin To Net: NetName=NetBUZ1_2 Pin=BUZ1-2
Added Pin To Net: NetName=NetBUZ1_2 Pin=Q3-3
Added Net: Name=NetBUZ1_2
