Removed Pin From Net: NetName=12VDC Pin=C2-1
Removed Pin From Net: NetName=12VDC Pin=C3-1
Removed Pin From Net: NetName=12VDC Pin=F1-2
Removed Pin From Net: NetName=12VDC Pin=J4-1A
Removed Pin From Net: NetName=12VDC Pin=J4-1B
Added Component: Designator=D6(1N4148WS)
Add component (AddParameter): Name = "Case Package"; Value = "SOD-323F Diotec"; VariantName = "[No Variations]"
Add component (AddParameter): Name = "Check_prices"; Value = "https://www.snapeda.com/parts/1N4148WS/Diotec/view-part/?ref=eda"; VariantName = "[No Variations]"
Add component (AddParameter): Name = "Designed By"; Value = "Emirhan Bozkurt"; VariantName = "[No Variations]"
Add component (AddParameter): Name = "Manufacturer"; Value = "Diotec Semiconductor"; VariantName = "[No Variations]"
Add component (AddParameter): Name = "Manufacturer Product Number"; Value = "1N4148WS"; VariantName = "[No Variations]"
Add component (AddParameter): Name = "Supplier 1"; Value = "DigiKey"; VariantName = "[No Variations]"
Add component (AddParameter): Name = "Supplier Part Number"; Value = "1N4148WSFSTR-ND"; VariantName = "[No Variations]"
Add component (AddParameter): Name = "Value"; Value = ""; VariantName = "[No Variations]"
Added Pin To Net: NetName=12VDC Pin=D6-C
Added Pin To Net: NetName=NetC2_1 Pin=C2-1
Added Pin To Net: NetName=NetC2_1 Pin=C3-1
Added Pin To Net: NetName=NetC2_1 Pin=D6-A
Added Pin To Net: NetName=NetC2_1 Pin=F1-2
Added Net: Name=NetC2_1
Added Pin To Net: NetName=NetJ4_1A Pin=J4-1A
Added Pin To Net: NetName=NetJ4_1A Pin=J4-1B
Added Net: Name=NetJ4_1A
Added Member To Class: ClassName=Power_Management Member=Component D6 1N4148WS
